<?xml version="1.0" encoding="UTF-8"?>
<!-- Generated by org.testng.reporters.JUnitReportReporter -->
<testsuite hostname="INBA-NB025" failures="1" tests="4" name="camapign.CreateCamp" time="62.489" errors="0" timestamp="2023-08-18T08:20:48 IST" skipped="3">
  <testcase classname="camapign.CreateCamp" name="createCamp" time="17.499">
    <skipped/>
  </testcase> <!-- createCamp -->
  <system-out/>
  <testcase classname="camapign.CreateCamp" name="createCamp" time="14.730">
    <skipped/>
  </testcase> <!-- createCamp -->
  <system-out/>
  <testcase classname="camapign.CreateCamp" name="createCamp" time="16.691">
    <failure message="expected [false] but found [true]" type="java.lang.AssertionError">
      <![CDATA[java.lang.AssertionError: expected [false] but found [true]
at org.testng.Assert.fail(Assert.java:97)
at org.testng.Assert.assertEqualsImpl(Assert.java:136)
at org.testng.Assert.assertEquals(Assert.java:118)
at org.testng.Assert.assertEquals(Assert.java:751)
at org.testng.Assert.assertEquals(Assert.java:761)
at camapign.CreateCamp.createCamp(CreateCamp.java:97)
at java.base/jdk.internal.reflect.DirectMethodHandleAccessor.invoke(DirectMethodHandleAccessor.java:104)
at java.base/java.lang.reflect.Method.invoke(Method.java:578)
at org.testng.internal.MethodInvocationHelper.invokeMethod(MethodInvocationHelper.java:134)
at org.testng.internal.TestInvoker.invokeMethod(TestInvoker.java:597)
at org.testng.internal.TestInvoker.retryFailed(TestInvoker.java:213)
at org.testng.internal.MethodRunner.runInSequence(MethodRunner.java:58)
at org.testng.internal.TestInvoker$MethodInvocationAgent.invoke(TestInvoker.java:816)
at org.testng.internal.TestInvoker.invokeTestMethods(TestInvoker.java:146)
at org.testng.internal.TestMethodWorker.invokeTestMethods(TestMethodWorker.java:146)
at org.testng.internal.TestMethodWorker.run(TestMethodWorker.java:128)
at java.base/java.util.concurrent.ThreadPoolExecutor.runWorker(ThreadPoolExecutor.java:1144)
at java.base/java.util.concurrent.ThreadPoolExecutor$Worker.run(ThreadPoolExecutor.java:642)
at java.base/java.lang.Thread.run(Thread.java:1623)
]]>
    </failure>
  </testcase> <!-- createCamp -->
  <system-out/>
  <testcase classname="camapign.CreateCamp" name="createCamp" time="13.569">
    <skipped/>
  </testcase> <!-- createCamp -->
  <system-out/>
</testsuite> <!-- camapign.CreateCamp -->
